node.exe : You are using 
a version of Node.js that 
is not supported by 
Hardhat, and it may work 
incorrectly, or not work 
at all.
At line:1 char:1
+ & "C:\Program 
Files\nodejs/node.exe" 
"C:\Program 
Files\nodejs/node_mo ...
+ ~~~~~~~~~~~~~~~~~~~~~~~~
~~~~~~~~~~~~~~~~~~~~~~~~~~
~~~~~~~~~~~~~~~~~~~
    + CategoryInfo        
      : NotSpecified: (Y  
  ou are using a...ot w   
 ork at all.:String) [    
], RemoteException
    + FullyQualifiedError 
   Id : NativeCommandErr  
  or
 

Please, make sure you are 
using a supported version 
of Node.js.

To learn more about which 
versions of Node.js are 
supported go to https://ha
rdhat.org/nodejs-versions
≡ƒÜÇ Deploying VotingContract...

Deploying with account: 0x61Bee28836506947E055D4fDC97EBfd3FE640A2E
Account balance: 0.0 ETH

Error: insufficient funds 
for intrinsic transaction 
cost [ See: https://links.
ethers.org/v5-errors-INSUF
FICIENT_FUNDS ] (error={"n
ame":"ProviderError","code
":-32000,"_isProviderError
":true}, 
method="sendTransaction", 
transaction=undefined, 
code=INSUFFICIENT_FUNDS, 
version=providers/5.6.8)
    at Logger.makeError (C
:\Users\rk748\OneDrive\Des
ktop\E-Voting\node_modules
\@ethersproject\logger\src
.ts\index.ts:261:28)
    at Logger.throwError (
C:\Users\rk748\OneDrive\De
sktop\E-Voting\node_module
s\@ethersproject\logger\sr
c.ts\index.ts:273:20)
    at checkError (C:\User
s\rk748\OneDrive\Desktop\E
-Voting\node_modules\@ethe
rsproject\providers\src.ts
\json-rpc-provider.ts:98:1
6)
    at C:\Users\rk748\OneD
rive\Desktop\E-Voting\node
_modules\@ethersproject\pr
oviders\src.ts\json-rpc-pr
ovider.ts:258:24
    at 
processTicksAndRejections 
(node:internal/process/tas
k_queues:104:5) {
  reason: 'insufficient 
funds for intrinsic 
transaction cost',
  code: 
'INSUFFICIENT_FUNDS',
  error: ProviderError: 
insufficient funds for 
gas * price + value: 
balance 0, tx cost 
3912152046945824, 
overshot 3912152046945824
      at 
HttpProvider.request (C:\U
sers\rk748\OneDrive\Deskto
p\E-Voting\node_modules\ha
rdhat\src\internal\core\pr
oviders\http.ts:78:19)
      at LocalAccountsProv
ider.request (C:\Users\rk7
48\OneDrive\Desktop\E-Voti
ng\node_modules\hardhat\sr
c\internal\core\providers\
accounts.ts:182:36)
      at 
processTicksAndRejections 
(node:internal/process/tas
k_queues:104:5)
      at EthersProviderWra
pper.send (C:\Users\rk748\
OneDrive\Desktop\E-Voting\
node_modules\@nomiclabs\ha
rdhat-ethers\src\internal\
ethers-provider-wrapper.ts
:13:20),
  method: 
'sendTransaction',
  transaction: undefined
}
